Server is listening on port 9000
Server is listening on port 9000
events.js:183
      throw er; // Unhandled 'error' event
      ^

Error: listen EADDRINUSE :::9000
    at Object._errnoException (util.js:1022:11)
    at _exceptionWithHostPort (util.js:1044:20)
    at Server.setupListenHandle [as _listen2] (net.js:1367:14)
    at listenInCluster (net.js:1408:12)
    at Server.listen (net.js:1492:7)
    at Function.listen (/home/ubuntu/jeetio/node_modules/express/lib/application.js:618:24)
    at Object.<anonymous> (/home/ubuntu/jeetio/app.js:27:5)
    at Module._compile (module.js:652:30)
    at Object.Module._extensions..js (module.js:663:10)
    at Module.load (module.js:565:32)
events.js:183
      throw er; // Unhandled 'error' event
      ^

Error: listen EADDRINUSE :::9000
    at Object._errnoException (util.js:1022:11)
    at _exceptionWithHostPort (util.js:1044:20)
    at Server.setupListenHandle [as _listen2] (net.js:1367:14)
    at listenInCluster (net.js:1408:12)
    at Server.listen (net.js:1492:7)
    at Function.listen (/home/ubuntu/jeetio/node_modules/express/lib/application.js:618:24)
    at Object.<anonymous> (/home/ubuntu/jeetio/app.js:27:5)
    at Module._compile (module.js:652:30)
    at Object.Module._extensions..js (module.js:663:10)
    at Module.load (module.js:565:32)
